Determining if the pthread_create exist failed with the following output:
Change Dir: /home/alexandros/catkin_ws/src/track_3d_gaze/cmake-build-debug/CMakeFiles/CMakeTmp

Run Build Command:"/usr/bin/make" "cmTC_21f90/fast"
/usr/bin/make -f CMakeFiles/cmTC_21f90.dir/build.make CMakeFiles/cmTC_21f90.dir/build
make[1]: Entering directory `/home/alexandros/catkin_ws/src/track_3d_gaze/cmake-build-debug/CMakeFiles/CMakeTmp'
Building C object CMakeFiles/cmTC_21f90.dir/CheckSymbolExists.c.o
/usr/bin/cc     -o CMakeFiles/cmTC_21f90.dir/CheckSymbolExists.c.o   -c /home/alexandros/catkin_ws/src/track_3d_gaze/cmake-build-debug/CMakeFiles/CMakeTmp/CheckSymbolExists.c
Linking C executable cmTC_21f90
/opt/clion-2017.1.1/bin/cmake/bin/cmake -E cmake_link_script CMakeFiles/cmTC_21f90.dir/link.txt --verbose=1
/usr/bin/cc       CMakeFiles/cmTC_21f90.dir/CheckSymbolExists.c.o  -o cmTC_21f90 -rdynamic 
CMakeFiles/cmTC_21f90.dir/CheckSymbolExists.c.o: In function `main':
CheckSymbolExists.c:(.text+0x16): undefined reference to `pthread_create'
collect2: error: ld returned 1 exit status
make[1]: *** [cmTC_21f90] Error 1
make[1]: Leaving directory `/home/alexandros/catkin_ws/src/track_3d_gaze/cmake-build-debug/CMakeFiles/CMakeTmp'
make: *** [cmTC_21f90/fast] Error 2

File /home/alexandros/catkin_ws/src/track_3d_gaze/cmake-build-debug/CMakeFiles/CMakeTmp/CheckSymbolExists.c:
/* */
#include <pthread.h>

int main(int argc, char** argv)
{
  (void)argv;
#ifndef pthread_create
  return ((int*)(&pthread_create))[argc];
#else
  (void)argc;
  return 0;
#endif
}

Determining if the function pthread_create exists in the pthreads failed with the following output:
Change Dir: /home/alexandros/catkin_ws/src/track_3d_gaze/cmake-build-debug/CMakeFiles/CMakeTmp

Run Build Command:"/usr/bin/make" "cmTC_93564/fast"
/usr/bin/make -f CMakeFiles/cmTC_93564.dir/build.make CMakeFiles/cmTC_93564.dir/build
make[1]: Entering directory `/home/alexandros/catkin_ws/src/track_3d_gaze/cmake-build-debug/CMakeFiles/CMakeTmp'
Building C object CMakeFiles/cmTC_93564.dir/CheckFunctionExists.c.o
/usr/bin/cc    -DCHECK_FUNCTION_EXISTS=pthread_create   -o CMakeFiles/cmTC_93564.dir/CheckFunctionExists.c.o   -c /opt/clion-2017.1.1/bin/cmake/share/cmake-3.7/Modules/CheckFunctionExists.c
Linking C executable cmTC_93564
/opt/clion-2017.1.1/bin/cmake/bin/cmake -E cmake_link_script CMakeFiles/cmTC_93564.dir/link.txt --verbose=1
/usr/bin/cc   -DCHECK_FUNCTION_EXISTS=pthread_create    CMakeFiles/cmTC_93564.dir/CheckFunctionExists.c.o  -o cmTC_93564 -rdynamic -lpthreads 
/usr/bin/ld: cannot find -lpthreads
collect2: error: ld returned 1 exit status
make[1]: *** [cmTC_93564] Error 1
make[1]: Leaving directory `/home/alexandros/catkin_ws/src/track_3d_gaze/cmake-build-debug/CMakeFiles/CMakeTmp'
make: *** [cmTC_93564/fast] Error 2


